Copyright 1986-2015 Xilinx, Inc. All Rights Reserved.
-----------------------------------------------------------------------------------------------------------------------------------------------------
| Tool Version : Vivado v.2015.3 (win64) Build 1368829 Mon Sep 28 20:06:43 MDT 2015
| Date         : Thu Dec 12 08:42:49 2019
| Host         : DESKTOP-93VAPGO running 64-bit major release  (build 9200)
| Command      : report_timing_summary -warn_on_violation -max_paths 10 -file Basys3_timing_summary_routed.rpt -rpx Basys3_timing_summary_routed.rpx
| Design       : Basys3
| Device       : 7a35t-cpg236
| Speed File   : -1  PRODUCTION 1.14 2014-09-11
-----------------------------------------------------------------------------------------------------------------------------------------------------

Timing Summary Report

------------------------------------------------------------------------------------------------
| Timer Settings
| --------------
------------------------------------------------------------------------------------------------

  Enable Multi Corner Analysis               :  Yes
  Enable Pessimism Removal                   :  Yes
  Pessimism Removal Resolution               :  Nearest Common Node
  Enable Input Delay Default Clock           :  No
  Enable Preset / Clear Arcs                 :  No
  Disable Flight Delays                      :  No
  Ignore I/O Paths                           :  No
  Timing Early Launch at Borrowing Latches   :  false

  Corner  Analyze    Analyze    
  Name    Max Paths  Min Paths  
  ------  ---------  ---------  
  Slow    Yes        Yes        
  Fast    Yes        Yes        



check_timing report

Table of Contents
-----------------
1. checking no_clock
2. checking constant_clock
3. checking pulse_width_clock
4. checking unconstrained_internal_endpoints
5. checking no_input_delay
6. checking no_output_delay
7. checking multiple_clock
8. checking generated_clocks
9. checking loops
10. checking partial_input_delay
11. checking partial_output_delay
12. checking latch_loops

1. checking no_clock
--------------------
 There are 37 register/latch pins with no clock driven by root clock pin: CLK (HIGH)

 There are 4 register/latch pins with no clock driven by root clock pin: Reset (HIGH)

 There are 4 register/latch pins with no clock driven by root clock pin: FSM_onehot_AN_reg[0]/C (HIGH)

 There are 4 register/latch pins with no clock driven by root clock pin: FSM_onehot_AN_reg[1]/C (HIGH)

 There are 4 register/latch pins with no clock driven by root clock pin: FSM_onehot_AN_reg[2]/C (HIGH)

 There are 4 register/latch pins with no clock driven by root clock pin: FSM_onehot_AN_reg[3]/C (HIGH)

 There are 32 register/latch pins with no clock driven by root clock pin: myCPU/ALUSrcA_Select/ALUA_out_reg[0]/G (HIGH)

 There are 32 register/latch pins with no clock driven by root clock pin: myCPU/ALUSrcA_Select/ALUA_out_reg[10]/G (HIGH)

 There are 32 register/latch pins with no clock driven by root clock pin: myCPU/ALUSrcA_Select/ALUA_out_reg[11]/G (HIGH)

 There are 32 register/latch pins with no clock driven by root clock pin: myCPU/ALUSrcA_Select/ALUA_out_reg[12]/G (HIGH)

 There are 32 register/latch pins with no clock driven by root clock pin: myCPU/ALUSrcA_Select/ALUA_out_reg[13]/G (HIGH)

 There are 32 register/latch pins with no clock driven by root clock pin: myCPU/ALUSrcA_Select/ALUA_out_reg[14]/G (HIGH)

 There are 32 register/latch pins with no clock driven by root clock pin: myCPU/ALUSrcA_Select/ALUA_out_reg[15]/G (HIGH)

 There are 32 register/latch pins with no clock driven by root clock pin: myCPU/ALUSrcA_Select/ALUA_out_reg[16]/G (HIGH)

 There are 32 register/latch pins with no clock driven by root clock pin: myCPU/ALUSrcA_Select/ALUA_out_reg[17]/G (HIGH)

 There are 32 register/latch pins with no clock driven by root clock pin: myCPU/ALUSrcA_Select/ALUA_out_reg[18]/G (HIGH)

 There are 32 register/latch pins with no clock driven by root clock pin: myCPU/ALUSrcA_Select/ALUA_out_reg[19]/G (HIGH)

 There are 32 register/latch pins with no clock driven by root clock pin: myCPU/ALUSrcA_Select/ALUA_out_reg[1]/G (HIGH)

 There are 32 register/latch pins with no clock driven by root clock pin: myCPU/ALUSrcA_Select/ALUA_out_reg[20]/G (HIGH)

 There are 32 register/latch pins with no clock driven by root clock pin: myCPU/ALUSrcA_Select/ALUA_out_reg[21]/G (HIGH)

 There are 32 register/latch pins with no clock driven by root clock pin: myCPU/ALUSrcA_Select/ALUA_out_reg[22]/G (HIGH)

 There are 32 register/latch pins with no clock driven by root clock pin: myCPU/ALUSrcA_Select/ALUA_out_reg[23]/G (HIGH)

 There are 32 register/latch pins with no clock driven by root clock pin: myCPU/ALUSrcA_Select/ALUA_out_reg[24]/G (HIGH)

 There are 32 register/latch pins with no clock driven by root clock pin: myCPU/ALUSrcA_Select/ALUA_out_reg[25]/G (HIGH)

 There are 32 register/latch pins with no clock driven by root clock pin: myCPU/ALUSrcA_Select/ALUA_out_reg[26]/G (HIGH)

 There are 32 register/latch pins with no clock driven by root clock pin: myCPU/ALUSrcA_Select/ALUA_out_reg[27]/G (HIGH)

 There are 32 register/latch pins with no clock driven by root clock pin: myCPU/ALUSrcA_Select/ALUA_out_reg[28]/G (HIGH)

 There are 32 register/latch pins with no clock driven by root clock pin: myCPU/ALUSrcA_Select/ALUA_out_reg[29]/G (HIGH)

 There are 32 register/latch pins with no clock driven by root clock pin: myCPU/ALUSrcA_Select/ALUA_out_reg[2]/G (HIGH)

 There are 32 register/latch pins with no clock driven by root clock pin: myCPU/ALUSrcA_Select/ALUA_out_reg[30]/G (HIGH)

 There are 32 register/latch pins with no clock driven by root clock pin: myCPU/ALUSrcA_Select/ALUA_out_reg[31]/G (HIGH)

 There are 32 register/latch pins with no clock driven by root clock pin: myCPU/ALUSrcA_Select/ALUA_out_reg[3]/G (HIGH)

 There are 32 register/latch pins with no clock driven by root clock pin: myCPU/ALUSrcA_Select/ALUA_out_reg[4]/G (HIGH)

 There are 32 register/latch pins with no clock driven by root clock pin: myCPU/ALUSrcA_Select/ALUA_out_reg[5]/G (HIGH)

 There are 32 register/latch pins with no clock driven by root clock pin: myCPU/ALUSrcA_Select/ALUA_out_reg[6]/G (HIGH)

 There are 32 register/latch pins with no clock driven by root clock pin: myCPU/ALUSrcA_Select/ALUA_out_reg[7]/G (HIGH)

 There are 32 register/latch pins with no clock driven by root clock pin: myCPU/ALUSrcA_Select/ALUA_out_reg[8]/G (HIGH)

 There are 32 register/latch pins with no clock driven by root clock pin: myCPU/ALUSrcA_Select/ALUA_out_reg[9]/G (HIGH)

 There are 32 register/latch pins with no clock driven by root clock pin: myCPU/ALUSrcB_Select/res_reg[0]/G (HIGH)

 There are 32 register/latch pins with no clock driven by root clock pin: myCPU/ALUSrcB_Select/res_reg[10]/G (HIGH)

 There are 32 register/latch pins with no clock driven by root clock pin: myCPU/ALUSrcB_Select/res_reg[11]/G (HIGH)

 There are 32 register/latch pins with no clock driven by root clock pin: myCPU/ALUSrcB_Select/res_reg[12]/G (HIGH)

 There are 32 register/latch pins with no clock driven by root clock pin: myCPU/ALUSrcB_Select/res_reg[13]/G (HIGH)

 There are 32 register/latch pins with no clock driven by root clock pin: myCPU/ALUSrcB_Select/res_reg[14]/G (HIGH)

 There are 32 register/latch pins with no clock driven by root clock pin: myCPU/ALUSrcB_Select/res_reg[15]/G (HIGH)

 There are 32 register/latch pins with no clock driven by root clock pin: myCPU/ALUSrcB_Select/res_reg[16]/G (HIGH)

 There are 32 register/latch pins with no clock driven by root clock pin: myCPU/ALUSrcB_Select/res_reg[17]/G (HIGH)

 There are 32 register/latch pins with no clock driven by root clock pin: myCPU/ALUSrcB_Select/res_reg[18]/G (HIGH)

 There are 32 register/latch pins with no clock driven by root clock pin: myCPU/ALUSrcB_Select/res_reg[19]/G (HIGH)

 There are 32 register/latch pins with no clock driven by root clock pin: myCPU/ALUSrcB_Select/res_reg[1]/G (HIGH)

 There are 32 register/latch pins with no clock driven by root clock pin: myCPU/ALUSrcB_Select/res_reg[20]/G (HIGH)

 There are 32 register/latch pins with no clock driven by root clock pin: myCPU/ALUSrcB_Select/res_reg[21]/G (HIGH)

 There are 32 register/latch pins with no clock driven by root clock pin: myCPU/ALUSrcB_Select/res_reg[22]/G (HIGH)

 There are 32 register/latch pins with no clock driven by root clock pin: myCPU/ALUSrcB_Select/res_reg[23]/G (HIGH)

 There are 32 register/latch pins with no clock driven by root clock pin: myCPU/ALUSrcB_Select/res_reg[24]/G (HIGH)

 There are 32 register/latch pins with no clock driven by root clock pin: myCPU/ALUSrcB_Select/res_reg[25]/G (HIGH)

 There are 32 register/latch pins with no clock driven by root clock pin: myCPU/ALUSrcB_Select/res_reg[26]/G (HIGH)

 There are 32 register/latch pins with no clock driven by root clock pin: myCPU/ALUSrcB_Select/res_reg[27]/G (HIGH)

 There are 32 register/latch pins with no clock driven by root clock pin: myCPU/ALUSrcB_Select/res_reg[28]/G (HIGH)

 There are 32 register/latch pins with no clock driven by root clock pin: myCPU/ALUSrcB_Select/res_reg[29]/G (HIGH)

 There are 32 register/latch pins with no clock driven by root clock pin: myCPU/ALUSrcB_Select/res_reg[2]/G (HIGH)

 There are 32 register/latch pins with no clock driven by root clock pin: myCPU/ALUSrcB_Select/res_reg[30]/G (HIGH)

 There are 32 register/latch pins with no clock driven by root clock pin: myCPU/ALUSrcB_Select/res_reg[31]/G (HIGH)

 There are 32 register/latch pins with no clock driven by root clock pin: myCPU/ALUSrcB_Select/res_reg[3]/G (HIGH)

 There are 32 register/latch pins with no clock driven by root clock pin: myCPU/ALUSrcB_Select/res_reg[4]/G (HIGH)

 There are 32 register/latch pins with no clock driven by root clock pin: myCPU/ALUSrcB_Select/res_reg[5]/G (HIGH)

 There are 32 register/latch pins with no clock driven by root clock pin: myCPU/ALUSrcB_Select/res_reg[6]/G (HIGH)

 There are 32 register/latch pins with no clock driven by root clock pin: myCPU/ALUSrcB_Select/res_reg[7]/G (HIGH)

 There are 32 register/latch pins with no clock driven by root clock pin: myCPU/ALUSrcB_Select/res_reg[8]/G (HIGH)

 There are 32 register/latch pins with no clock driven by root clock pin: myCPU/ALUSrcB_Select/res_reg[9]/G (HIGH)

 There are 64 register/latch pins with no clock driven by root clock pin: myCPU/ex_mem/DstReg_MEM_reg[0]/C (HIGH)

 There are 64 register/latch pins with no clock driven by root clock pin: myCPU/ex_mem/DstReg_MEM_reg[1]/C (HIGH)

 There are 64 register/latch pins with no clock driven by root clock pin: myCPU/ex_mem/DstReg_MEM_reg[2]/C (HIGH)

 There are 64 register/latch pins with no clock driven by root clock pin: myCPU/ex_mem/DstReg_MEM_reg[3]/C (HIGH)

 There are 64 register/latch pins with no clock driven by root clock pin: myCPU/ex_mem/DstReg_MEM_reg[4]/C (HIGH)

 There are 64 register/latch pins with no clock driven by root clock pin: myCPU/ex_mem/OF_MEM_reg/C (HIGH)

 There are 64 register/latch pins with no clock driven by root clock pin: myCPU/ex_mem/RegWre_MEM_reg/C (HIGH)

 There are 32 register/latch pins with no clock driven by root clock pin: myCPU/ex_mem/mRD_MEM_reg/C (HIGH)

 There are 32 register/latch pins with no clock driven by root clock pin: myCPU/id_ex/ALUop_EX_reg[0]/C (HIGH)

 There are 32 register/latch pins with no clock driven by root clock pin: myCPU/id_ex/ALUop_EX_reg[1]/C (HIGH)

 There are 32 register/latch pins with no clock driven by root clock pin: myCPU/id_ex/ALUop_EX_reg[2]/C (HIGH)

 There are 32 register/latch pins with no clock driven by root clock pin: myCPU/id_ex/PCSrc_EX_reg[0]/C (HIGH)

 There are 32 register/latch pins with no clock driven by root clock pin: myCPU/id_ex/PCSrc_EX_reg[1]/C (HIGH)

 There are 32 register/latch pins with no clock driven by root clock pin: myCPU/id_ex/Rs_EX_reg[0]/C (HIGH)

 There are 32 register/latch pins with no clock driven by root clock pin: myCPU/id_ex/Rs_EX_reg[1]/C (HIGH)

 There are 32 register/latch pins with no clock driven by root clock pin: myCPU/id_ex/Rs_EX_reg[2]/C (HIGH)

 There are 32 register/latch pins with no clock driven by root clock pin: myCPU/id_ex/Rs_EX_reg[3]/C (HIGH)

 There are 32 register/latch pins with no clock driven by root clock pin: myCPU/id_ex/Rs_EX_reg[4]/C (HIGH)

 There are 32 register/latch pins with no clock driven by root clock pin: myCPU/id_ex/Rt_EX_reg[0]/C (HIGH)

 There are 32 register/latch pins with no clock driven by root clock pin: myCPU/id_ex/Rt_EX_reg[1]/C (HIGH)

 There are 32 register/latch pins with no clock driven by root clock pin: myCPU/id_ex/Rt_EX_reg[2]/C (HIGH)

 There are 32 register/latch pins with no clock driven by root clock pin: myCPU/id_ex/Rt_EX_reg[3]/C (HIGH)

 There are 32 register/latch pins with no clock driven by root clock pin: myCPU/id_ex/Rt_EX_reg[4]/C (HIGH)

 There are 32 register/latch pins with no clock driven by root clock pin: myCPU/id_ex/op_EX_reg[0]/C (HIGH)

 There are 32 register/latch pins with no clock driven by root clock pin: myCPU/id_ex/op_EX_reg[1]/C (HIGH)

 There are 32 register/latch pins with no clock driven by root clock pin: myCPU/id_ex/op_EX_reg[2]/C (HIGH)

 There are 32 register/latch pins with no clock driven by root clock pin: myCPU/id_ex/op_EX_reg[3]/C (HIGH)

 There are 32 register/latch pins with no clock driven by root clock pin: myCPU/id_ex/op_EX_reg[4]/C (HIGH)

 There are 32 register/latch pins with no clock driven by root clock pin: myCPU/id_ex/op_EX_reg[5]/C (HIGH)

 There are 64 register/latch pins with no clock driven by root clock pin: myCPU/mem_wb/Dst_Reg_WB_reg[0]/C (HIGH)

 There are 64 register/latch pins with no clock driven by root clock pin: myCPU/mem_wb/Dst_Reg_WB_reg[1]/C (HIGH)

 There are 64 register/latch pins with no clock driven by root clock pin: myCPU/mem_wb/Dst_Reg_WB_reg[2]/C (HIGH)

 There are 64 register/latch pins with no clock driven by root clock pin: myCPU/mem_wb/Dst_Reg_WB_reg[3]/C (HIGH)

 There are 64 register/latch pins with no clock driven by root clock pin: myCPU/mem_wb/Dst_Reg_WB_reg[4]/C (HIGH)

 There are 64 register/latch pins with no clock driven by root clock pin: myCPU/mem_wb/RegWre_WB_reg/C (HIGH)

 There are 2834 register/latch pins with no clock driven by root clock pin: mykey_vibration/key_en_reg/C (HIGH)


2. checking constant_clock
--------------------------
 There are 0 register/latch pins with constant_clock.


3. checking pulse_width_clock
-----------------------------
 There are 0 register/latch pins which need pulse_width check


4. checking unconstrained_internal_endpoints
--------------------------------------------
 There are 7027 pins that are not constrained for maximum delay. (HIGH)

 There are 0 pins that are not constrained for maximum delay due to constant clock.


5. checking no_input_delay
--------------------------
 There are 4 input ports with no input delay specified. (HIGH)

 There are 0 input ports with no input delay but user has a false path constraint.


6. checking no_output_delay
---------------------------
 There are 11 ports with no output delay specified. (HIGH)

 There are 0 ports with no output delay but user has a false path constraint

 There are 0 ports with no output delay but with a timing clock defined on it or propagating through it


7. checking multiple_clock
--------------------------
 There are 0 register/latch pins with multiple clocks.


8. checking generated_clocks
----------------------------
 There are 0 generated clocks that are not connected to a clock source.


9. checking loops
-----------------
 There are 0 combinational loops in the design.


10. checking partial_input_delay
--------------------------------
 There are 0 input ports with partial input delay specified.


11. checking partial_output_delay
---------------------------------
 There are 0 ports with partial output delay specified.


12. checking latch_loops
------------------------
 There are 0 combinational latch loops in the design through latch input



------------------------------------------------------------------------------------------------
| Design Timing Summary
| ---------------------
------------------------------------------------------------------------------------------------

    WNS(ns)      TNS(ns)  TNS Failing Endpoints  TNS Total Endpoints      WHS(ns)      THS(ns)  THS Failing Endpoints  THS Total Endpoints     WPWS(ns)     TPWS(ns)  TPWS Failing Endpoints  TPWS Total Endpoints  
    -------      -------  ---------------------  -------------------      -------      -------  ---------------------  -------------------     --------     --------  ----------------------  --------------------  
         NA           NA                     NA                   NA           NA           NA                     NA                   NA           NA           NA                      NA                    NA  


There are no user specified timing constraints.


------------------------------------------------------------------------------------------------
| Clock Summary
| -------------
------------------------------------------------------------------------------------------------


------------------------------------------------------------------------------------------------
| Intra Clock Table
| -----------------
------------------------------------------------------------------------------------------------

Clock             WNS(ns)      TNS(ns)  TNS Failing Endpoints  TNS Total Endpoints      WHS(ns)      THS(ns)  THS Failing Endpoints  THS Total Endpoints     WPWS(ns)     TPWS(ns)  TPWS Failing Endpoints  TPWS Total Endpoints  
-----             -------      -------  ---------------------  -------------------      -------      -------  ---------------------  -------------------     --------     --------  ----------------------  --------------------  


------------------------------------------------------------------------------------------------
| Inter Clock Table
| -----------------
------------------------------------------------------------------------------------------------

From Clock    To Clock          WNS(ns)      TNS(ns)  TNS Failing Endpoints  TNS Total Endpoints      WHS(ns)      THS(ns)  THS Failing Endpoints  THS Total Endpoints  
----------    --------          -------      -------  ---------------------  -------------------      -------      -------  ---------------------  -------------------  


------------------------------------------------------------------------------------------------
| Other Path Groups Table
| -----------------------
------------------------------------------------------------------------------------------------

Path Group    From Clock    To Clock          WNS(ns)      TNS(ns)  TNS Failing Endpoints  TNS Total Endpoints      WHS(ns)      THS(ns)  THS Failing Endpoints  THS Total Endpoints  
----------    ----------    --------          -------      -------  ---------------------  -------------------      -------      -------  ---------------------  -------------------  


------------------------------------------------------------------------------------------------
| Timing Details
| --------------
------------------------------------------------------------------------------------------------


