Copyright 1986-2015 Xilinx, Inc. All Rights Reserved.
----------------------------------------------------------------------------------------
| Tool Version     : Vivado v.2015.3 (win64) Build 1368829 Mon Sep 28 20:06:43 MDT 2015
| Date             : Thu Dec 12 08:42:51 2019
| Host             : DESKTOP-93VAPGO running 64-bit major release  (build 9200)
| Command          : 
| Design           : Basys3
| Device           : xc7a35tcpg236-1
| Design State     : routed
| Grade            : commercial
| Process          : typical
| Characterization : Production
----------------------------------------------------------------------------------------

Power Report

Table of Contents
-----------------
1. Summary
1.1 On-Chip Components
1.2 Power Supply Summary
1.3 Confidence Level
2. Settings
2.1 Environment
2.2 Clock Constraints
3. Detailed Reports
3.1 By Hierarchy

1. Summary
----------

+--------------------------+-------+
| Total On-Chip Power (W)  | 0.470 |
| Dynamic (W)              | 0.397 |
| Device Static (W)        | 0.073 |
| Effective TJA (C/W)      | 5.0   |
| Max Ambient (C)          | 82.7  |
| Junction Temperature (C) | 27.3  |
| Confidence Level         | Low   |
| Setting File             | ---   |
| Simulation Activity File | ---   |
| Design Nets Matched      | NA    |
+--------------------------+-------+


1.1 On-Chip Components
----------------------

+--------------------------+-----------+----------+-----------+-----------------+
| On-Chip                  | Power (W) | Used     | Available | Utilization (%) |
+--------------------------+-----------+----------+-----------+-----------------+
| Slice Logic              |     0.119 |    12837 |       --- |             --- |
|   LUT as Logic           |     0.079 |     7415 |     20800 |           35.65 |
|   CARRY4                 |     0.020 |       47 |      8150 |            0.58 |
|   Register               |     0.014 |     2907 |     41600 |            6.99 |
|   BUFG                   |     0.006 |        6 |        32 |           18.75 |
|   Others                 |     0.000 |       23 |       --- |             --- |
|   F7/F8 Muxes            |     0.000 |      796 |     32600 |            2.44 |
|   LUT as Distributed RAM |     0.000 |       48 |      9600 |            0.50 |
| Signals                  |     0.163 |     9374 |       --- |             --- |
| I/O                      |     0.115 |       17 |       106 |           16.04 |
| Static Power             |     0.073 |          |           |                 |
| Total                    |     0.470 |          |           |                 |
+--------------------------+-----------+----------+-----------+-----------------+


1.2 Power Supply Summary
------------------------

+-----------+-------------+-----------+-------------+------------+
| Source    | Voltage (V) | Total (A) | Dynamic (A) | Static (A) |
+-----------+-------------+-----------+-------------+------------+
| Vccint    |       1.000 |     0.309 |       0.298 |      0.010 |
| Vccaux    |       1.800 |     0.016 |       0.004 |      0.013 |
| Vcco33    |       3.300 |     0.029 |       0.028 |      0.001 |
| Vcco25    |       2.500 |     0.000 |       0.000 |      0.000 |
| Vcco18    |       1.800 |     0.000 |       0.000 |      0.000 |
| Vcco15    |       1.500 |     0.000 |       0.000 |      0.000 |
| Vcco135   |       1.350 |     0.000 |       0.000 |      0.000 |
| Vcco12    |       1.200 |     0.000 |       0.000 |      0.000 |
| Vccaux_io |       1.800 |     0.000 |       0.000 |      0.000 |
| Vccbram   |       1.000 |     0.000 |       0.000 |      0.000 |
| MGTAVcc   |       1.000 |     0.000 |       0.000 |      0.000 |
| MGTAVtt   |       1.200 |     0.000 |       0.000 |      0.000 |
| Vccadc    |       1.800 |     0.020 |       0.000 |      0.020 |
+-----------+-------------+-----------+-------------+------------+


1.3 Confidence Level
--------------------

+-----------------------------+------------+--------------------------------------------------------+--------------------------------------------------------------------------------------------------------------------+
| User Input Data             | Confidence | Details                                                | Action                                                                                                             |
+-----------------------------+------------+--------------------------------------------------------+--------------------------------------------------------------------------------------------------------------------+
| Design implementation state | High       | Design is routed                                       |                                                                                                                    |
| Clock nodes activity        | Low        | User specified less than 75% of clocks                 | Provide missing clock activity with a constraint file, simulation results or by editing the "By Clock Domain" view |
| I/O nodes activity          | Low        | More than 75% of inputs are missing user specification | Provide missing input activity with simulation results or by editing the "By Resource Type -> I/Os" view           |
| Internal nodes activity     | Medium     | User specified less than 25% of internal nodes         | Provide missing internal nodes activity with simulation results or by editing the "By Resource Type" views         |
| Device models               | High       | Device models are Production                           |                                                                                                                    |
|                             |            |                                                        |                                                                                                                    |
| Overall confidence level    | Low        |                                                        |                                                                                                                    |
+-----------------------------+------------+--------------------------------------------------------+--------------------------------------------------------------------------------------------------------------------+


2. Settings
-----------

2.1 Environment
---------------

+-----------------------+--------------------------+
| Ambient Temp (C)      | 25.0                     |
| ThetaJA (C/W)         | 5.0                      |
| Airflow (LFM)         | 250                      |
| Heat Sink             | medium (Medium Profile)  |
| ThetaSA (C/W)         | 4.6                      |
| Board Selection       | medium (10"x10")         |
| # of Board Layers     | 12to15 (12 to 15 Layers) |
| Board Temperature (C) | 25.0                     |
+-----------------------+--------------------------+


2.2 Clock Constraints
---------------------

+-------+--------+-----------------+
| Clock | Domain | Constraint (ns) |
+-------+--------+-----------------+


3. Detailed Reports
-------------------

3.1 By Hierarchy
----------------

+----------------------------------------+-----------+
| Name                                   | Power (W) |
+----------------------------------------+-----------+
| Basys3                                 |     0.397 |
|   myCPU                                |     0.051 |
|     ALUSrcA_Select                     |     0.000 |
|     ALUSrcB_Select                     |     0.000 |
|     PC_Select                          |     0.015 |
|     ex_mem                             |     0.011 |
|     id_ex                              |     0.006 |
|     if_id                              |     0.014 |
|     mem_wb                             |     0.001 |
|     myALU                              |     0.000 |
|     myCount_Addr                       |     0.000 |
|     myData_Mem                         |     0.000 |
|     myPC                               |     0.004 |
|     myRegister_File                    |     0.000 |
|       register_files_reg_r1_0_31_0_5   |     0.000 |
|       register_files_reg_r1_0_31_12_17 |     0.000 |
|       register_files_reg_r1_0_31_18_23 |     0.000 |
|       register_files_reg_r1_0_31_24_29 |     0.000 |
|       register_files_reg_r1_0_31_30_31 |     0.000 |
|       register_files_reg_r1_0_31_6_11  |     0.000 |
|       register_files_reg_r2_0_31_0_5   |     0.000 |
|       register_files_reg_r2_0_31_12_17 |     0.000 |
|       register_files_reg_r2_0_31_18_23 |     0.000 |
|       register_files_reg_r2_0_31_24_29 |     0.000 |
|       register_files_reg_r2_0_31_30_31 |     0.000 |
|       register_files_reg_r2_0_31_6_11  |     0.000 |
|   mySegLED                             |    <0.001 |
|   mykey_vibration                      |     0.089 |
+----------------------------------------+-----------+


